<?xml version="1.0" encoding="UTF-8" standalone="no"?><testsuite errors="1" failures="0" name="TC02 - Cargar Usuario" skipped="0" tests="1" time="11.17" timestamp="2024-04-25 01:56:31"><testcase name="1. Ingresar correctamente a la homepage"><error message="Element should have been &quot;select&quot; but was &quot;div&quot;&#10;Build info: version: '4.19.0', revision: '5f9cec8963'&#10;System info: os.name: 'Windows 10', os.arch: 'amd64', os.version: '10.0', java.version: '17.0.2'&#10;Driver info: driver.version: unknown" type="org.openqa.selenium.support.ui.UnexpectedTagNameException">Element should have been "select" but was "div"
Build info: version: '4.19.0', revision: '5f9cec8963'
System info: os.name: 'Windows 10', os.arch: 'amd64', os.version: '10.0', java.version: '17.0.2'
Driver info: driver.version: unknown</error><system-err>Element should have been "select" but was "div"
Build info: version: '4.19.0', revision: '5f9cec8963'
System info: os.name: 'Windows 10', os.arch: 'amd64', os.version: '10.0', java.version: '17.0.2'
Driver info: driver.version: unknown&#13;
com.selenium.ar.pages.AdminPage.seleccionarOpcionEnCmbUserRol(AdminPage.java:57)&#13;
com.selenium.ar.stepdefinitions.AdminStepDefinitions.completaFormularioAltaDeUsuario(AdminStepDefinitions.java:39)&#13;
</system-err></testcase></testsuite>